<?xml version="1.0" encoding="UTF-8"?>
<!-- Generated by org.testng.reporters.JUnitReportReporter -->
<testsuite name="com.cbt.script.MenRentDesignerTest" tests="1" time="0.000" ignored="0" failures="0" timestamp="20 Nov 2017 11:35:27 GMT" skipped="1" hostname="Manjunath-Rajeev" errors="0">
  <testcase name="menbrandCollection" time="0.000" classname="com.cbt.script.MenRentDesignerTest">
    <skipped/>
  </testcase> <!-- menbrandCollection -->
</testsuite> <!-- com.cbt.script.MenRentDesignerTest -->
