<?xml version="1.0" encoding="UTF-8"?>
<!-- Generated by org.testng.reporters.JUnitReportReporter -->
<testsuite name="com.cbt.script.MenNewArrivalTest" tests="1" time="0.002" ignored="0" failures="0" timestamp="20 Nov 2017 11:35:28 GMT" skipped="1" hostname="Manjunath-Rajeev" errors="0">
  <testcase name="men" time="0.002" classname="com.cbt.script.MenNewArrivalTest">
    <skipped/>
  </testcase> <!-- men -->
</testsuite> <!-- com.cbt.script.MenNewArrivalTest -->
