<?xml version="1.0" encoding="UTF-8"?>
<!-- Generated by org.testng.reporters.JUnitReportReporter -->
<testsuite name="com.cbt.script.LoginPageTest" tests="3" time="17.988" ignored="0" failures="0" timestamp="20 Nov 2017 11:35:28 GMT" skipped="2" hostname="Manjunath-Rajeev" errors="0">
  <testcase name="selectCity" time="17.987" classname="com.cbt.script.LoginPageTest"/>
  <testcase name="login" time="0.000" classname="com.cbt.script.LoginPageTest">
    <skipped/>
  </testcase> <!-- login -->
  <testcase name="logout" time="0.001" classname="com.cbt.script.LoginPageTest">
    <skipped/>
  </testcase> <!-- logout -->
</testsuite> <!-- com.cbt.script.LoginPageTest -->
