<?xml version="1.0" encoding="UTF-8"?>
<!-- Generated by org.testng.reporters.JUnitReportReporter -->
<testsuite name="com.cbt.script.WomenRentOccasionTest" tests="1" time="0.001" ignored="0" failures="0" timestamp="20 Nov 2017 11:35:29 GMT" skipped="1" hostname="Manjunath-Rajeev" errors="0">
  <testcase name="women" time="0.001" classname="com.cbt.script.WomenRentOccasionTest">
    <skipped/>
  </testcase> <!-- women -->
</testsuite> <!-- com.cbt.script.WomenRentOccasionTest -->
