<?xml version="1.0" encoding="UTF-8"?>
<!-- Generated by org.testng.reporters.JUnitReportReporter -->
<testsuite name="com.cbt.script.Demo2" tests="2" time="142.464" ignored="0" failures="0" timestamp="29 Oct 2017 17:13:44 GMT" skipped="0" hostname="Manjunath-Rajeev" errors="0">
  <testcase name="test" time="75.626" classname="com.cbt.script.Demo2"/>
  <testcase name="test" time="66.838" classname="com.cbt.script.Demo2"/>
</testsuite> <!-- com.cbt.script.Demo2 -->
