<?xml version="1.0" encoding="UTF-8"?>
<!-- Generated by org.testng.reporters.JUnitReportReporter -->
<testsuite name="com.cbt.script.MenCategoryTest" tests="1" time="0.000" ignored="0" failures="0" timestamp="16 Nov 2017 10:26:51 GMT" skipped="1" hostname="Manjunath-Rajeev" errors="0">
  <testcase name="men" time="0.000" classname="com.cbt.script.MenCategoryTest">
    <skipped/>
  </testcase> <!-- men -->
</testsuite> <!-- com.cbt.script.MenCategoryTest -->
